GAS LISTING /tmp/ccyv3ORH.s 			page 1


   1               		.file	"adc_low.c"
   2               	__SP_H__ = 0x3e
   3               	__SP_L__ = 0x3d
   4               	__SREG__ = 0x3f
   5               	__tmp_reg__ = 0
   6               	__zero_reg__ = 1
   7               		.stabs	"/home/ghost/Project/LineFollower/",100,0,2,.Ltext0
   8               		.stabs	"./lib/adc_low.c",100,0,2,.Ltext0
   9               		.text
  10               	.Ltext0:
  11               		.stabs	"gcc2_compiled.",60,0,0,0
  12               		.stabs	"int:t(0,1)=r(0,1);-32768;32767;",128,0,0,0
  13               		.stabs	"char:t(0,2)=@s8;r(0,2);0;255;",128,0,0,0
  14               		.stabs	"long int:t(0,3)=@s32;r(0,3);020000000000;017777777777;",128,0,0,0
  15               		.stabs	"unsigned int:t(0,4)=r(0,4);0;0177777;",128,0,0,0
  16               		.stabs	"long unsigned int:t(0,5)=@s32;r(0,5);0;037777777777;",128,0,0,0
  17               		.stabs	"long long int:t(0,6)=@s64;r(0,6);01000000000000000000000;0777777777777777777777;",128,0,0,
  18               		.stabs	"long long unsigned int:t(0,7)=@s64;r(0,7);0;01777777777777777777777;",128,0,0,0
  19               		.stabs	"short int:t(0,8)=r(0,8);-32768;32767;",128,0,0,0
  20               		.stabs	"short unsigned int:t(0,9)=r(0,9);0;0177777;",128,0,0,0
  21               		.stabs	"signed char:t(0,10)=@s8;r(0,10);-128;127;",128,0,0,0
  22               		.stabs	"unsigned char:t(0,11)=@s8;r(0,11);0;255;",128,0,0,0
  23               		.stabs	"float:t(0,12)=r(0,1);4;0;",128,0,0,0
  24               		.stabs	"double:t(0,13)=r(0,1);4;0;",128,0,0,0
  25               		.stabs	"long double:t(0,14)=r(0,1);4;0;",128,0,0,0
  26               		.stabs	"short _Fract:t(0,15)=r(0,1);1;0;",128,0,0,0
  27               		.stabs	"_Fract:t(0,16)=r(0,1);2;0;",128,0,0,0
  28               		.stabs	"long _Fract:t(0,17)=r(0,1);4;0;",128,0,0,0
  29               		.stabs	"long long _Fract:t(0,18)=r(0,1);8;0;",128,0,0,0
  30               		.stabs	"unsigned short _Fract:t(0,19)=r(0,1);1;0;",128,0,0,0
  31               		.stabs	"unsigned _Fract:t(0,20)=r(0,1);2;0;",128,0,0,0
  32               		.stabs	"unsigned long _Fract:t(0,21)=r(0,1);4;0;",128,0,0,0
  33               		.stabs	"unsigned long long _Fract:t(0,22)=r(0,1);8;0;",128,0,0,0
  34               		.stabs	"_Sat short _Fract:t(0,23)=r(0,1);1;0;",128,0,0,0
  35               		.stabs	"_Sat _Fract:t(0,24)=r(0,1);2;0;",128,0,0,0
  36               		.stabs	"_Sat long _Fract:t(0,25)=r(0,1);4;0;",128,0,0,0
  37               		.stabs	"_Sat long long _Fract:t(0,26)=r(0,1);8;0;",128,0,0,0
  38               		.stabs	"_Sat unsigned short _Fract:t(0,27)=r(0,1);1;0;",128,0,0,0
  39               		.stabs	"_Sat unsigned _Fract:t(0,28)=r(0,1);2;0;",128,0,0,0
  40               		.stabs	"_Sat unsigned long _Fract:t(0,29)=r(0,1);4;0;",128,0,0,0
  41               		.stabs	"_Sat unsigned long long _Fract:t(0,30)=r(0,1);8;0;",128,0,0,0
  42               		.stabs	"short _Accum:t(0,31)=r(0,1);2;0;",128,0,0,0
  43               		.stabs	"_Accum:t(0,32)=r(0,1);4;0;",128,0,0,0
  44               		.stabs	"long _Accum:t(0,33)=r(0,1);8;0;",128,0,0,0
  45               		.stabs	"long long _Accum:t(0,34)=r(0,1);8;0;",128,0,0,0
  46               		.stabs	"unsigned short _Accum:t(0,35)=r(0,1);2;0;",128,0,0,0
  47               		.stabs	"unsigned _Accum:t(0,36)=r(0,1);4;0;",128,0,0,0
  48               		.stabs	"unsigned long _Accum:t(0,37)=r(0,1);8;0;",128,0,0,0
  49               		.stabs	"unsigned long long _Accum:t(0,38)=r(0,1);8;0;",128,0,0,0
  50               		.stabs	"_Sat short _Accum:t(0,39)=r(0,1);2;0;",128,0,0,0
  51               		.stabs	"_Sat _Accum:t(0,40)=r(0,1);4;0;",128,0,0,0
  52               		.stabs	"_Sat long _Accum:t(0,41)=r(0,1);8;0;",128,0,0,0
  53               		.stabs	"_Sat long long _Accum:t(0,42)=r(0,1);8;0;",128,0,0,0
  54               		.stabs	"_Sat unsigned short _Accum:t(0,43)=r(0,1);2;0;",128,0,0,0
  55               		.stabs	"_Sat unsigned _Accum:t(0,44)=r(0,1);4;0;",128,0,0,0
  56               		.stabs	"_Sat unsigned long _Accum:t(0,45)=r(0,1);8;0;",128,0,0,0
  57               		.stabs	"_Sat unsigned long long _Accum:t(0,46)=r(0,1);8;0;",128,0,0,0
GAS LISTING /tmp/ccyv3ORH.s 			page 2


  58               		.stabs	"void:t(0,47)=(0,47)",128,0,0,0
  59               		.stabs	"./lib/inc/asuro.h",130,0,0,0
  60               		.stabs	"/usr/lib/avr/include/avr/io.h",130,0,0,0
  61               		.stabs	"/usr/lib/avr/include/avr/sfr_defs.h",130,0,0,0
  62               		.stabs	"/usr/lib/avr/include/inttypes.h",130,0,0,0
  63               		.stabs	"/usr/lib/gcc/avr/4.9.2/include/stdint.h",130,0,0,0
  64               		.stabs	"/usr/lib/avr/include/stdint.h",130,0,0,0
  65               		.stabs	"int8_t:t(6,1)=(0,10)",128,0,121,0
  66               		.stabs	"uint8_t:t(6,2)=(0,11)",128,0,122,0
  67               		.stabs	"int16_t:t(6,3)=(0,1)",128,0,123,0
  68               		.stabs	"uint16_t:t(6,4)=(0,4)",128,0,124,0
  69               		.stabs	"int32_t:t(6,5)=(0,3)",128,0,125,0
  70               		.stabs	"uint32_t:t(6,6)=(0,5)",128,0,126,0
  71               		.stabs	"int64_t:t(6,7)=(0,6)",128,0,128,0
  72               		.stabs	"uint64_t:t(6,8)=(0,7)",128,0,129,0
  73               		.stabs	"intptr_t:t(6,9)=(6,3)",128,0,142,0
  74               		.stabs	"uintptr_t:t(6,10)=(6,4)",128,0,147,0
  75               		.stabs	"int_least8_t:t(6,11)=(6,1)",128,0,159,0
  76               		.stabs	"uint_least8_t:t(6,12)=(6,2)",128,0,164,0
  77               		.stabs	"int_least16_t:t(6,13)=(6,3)",128,0,169,0
  78               		.stabs	"uint_least16_t:t(6,14)=(6,4)",128,0,174,0
  79               		.stabs	"int_least32_t:t(6,15)=(6,5)",128,0,179,0
  80               		.stabs	"uint_least32_t:t(6,16)=(6,6)",128,0,184,0
  81               		.stabs	"int_least64_t:t(6,17)=(6,7)",128,0,192,0
  82               		.stabs	"uint_least64_t:t(6,18)=(6,8)",128,0,199,0
  83               		.stabs	"int_fast8_t:t(6,19)=(6,1)",128,0,213,0
  84               		.stabs	"uint_fast8_t:t(6,20)=(6,2)",128,0,218,0
  85               		.stabs	"int_fast16_t:t(6,21)=(6,3)",128,0,223,0
  86               		.stabs	"uint_fast16_t:t(6,22)=(6,4)",128,0,228,0
  87               		.stabs	"int_fast32_t:t(6,23)=(6,5)",128,0,233,0
  88               		.stabs	"uint_fast32_t:t(6,24)=(6,6)",128,0,238,0
  89               		.stabs	"int_fast64_t:t(6,25)=(6,7)",128,0,246,0
  90               		.stabs	"uint_fast64_t:t(6,26)=(6,8)",128,0,253,0
  91               		.stabs	"intmax_t:t(6,27)=(6,7)",128,0,273,0
  92               		.stabs	"uintmax_t:t(6,28)=(6,8)",128,0,278,0
  93               		.stabn	162,0,0,0
  94               		.stabn	162,0,0,0
  95               		.stabs	"int_farptr_t:t(4,1)=(6,5)",128,0,77,0
  96               		.stabs	"uint_farptr_t:t(4,2)=(6,6)",128,0,81,0
  97               		.stabn	162,0,0,0
  98               		.stabn	162,0,0,0
  99               		.stabs	"/usr/lib/avr/include/avr/fuse.h",130,0,0,0
 100               		.stabs	"__fuse_t:t(7,1)=(7,2)=s2low:(0,11),0,8;high:(0,11),8,8;;",128,0,252,0
 101               		.stabn	162,0,0,0
 102               		.stabn	162,0,0,0
 103               		.stabs	"/usr/lib/avr/include/avr/pgmspace.h",130,0,0,0
 104               		.stabs	"/usr/lib/gcc/avr/4.9.2/include/stddef.h",130,0,0,0
 105               		.stabs	"size_t:t(9,1)=(0,4)",128,0,212,0
 106               		.stabn	162,0,0,0
 107               		.stabn	162,0,0,0
 108               		.stabs	"/usr/lib/avr/include/stdlib.h",130,0,0,0
 109               		.stabs	"/usr/lib/gcc/avr/4.9.2/include/stddef.h",130,0,0,0
 110               		.stabs	"wchar_t:t(11,1)=(0,1)",128,0,324,0
 111               		.stabn	162,0,0,0
 112               		.stabs	"div_t:t(10,1)=(10,2)=s4quot:(0,1),0,16;rem:(0,1),16,16;;",128,0,71,0
 113               		.stabs	"ldiv_t:t(10,3)=(10,4)=s8quot:(0,3),0,32;rem:(0,3),32,32;;",128,0,77,0
 114               		.stabs	"__compar_fn_t:t(10,5)=(10,6)=*(10,7)=f(0,1)",128,0,80,0
GAS LISTING /tmp/ccyv3ORH.s 			page 3


 115               		.stabn	162,0,0,0
 116               		.stabs	"voidFuncPtr:t(1,1)=(1,2)=*(1,3)=f(0,47)",128,0,343,0
 117               		.stabn	162,0,0,0
 118               		.section	.text.ReadADC,"ax",@progbits
 119               		.stabs	"ReadADC:F(0,4)",36,0,34,ReadADC
 120               		.stabs	"mux:P(0,4)",64,0,34,28
 121               		.stabs	"sleep:P(0,4)",64,0,34,22
 122               	.global	ReadADC
 123               		.type	ReadADC, @function
 124               	ReadADC:
 125               		.stabd	46,0,0
   1:./lib/adc_low.c **** /****************************************************************************/
   2:./lib/adc_low.c **** /*!
   3:./lib/adc_low.c ****   \file     adc_low.c
   4:./lib/adc_low.c **** 
   5:./lib/adc_low.c ****   \brief    Low Level Funktion zum Auslesen der ADC-Wandler.
   6:./lib/adc_low.c **** 
   7:./lib/adc_low.c ****   \version  V001 - 20.01.2008 - m.a.r.v.i.n\n
   8:./lib/adc_low.c ****   \version  V002 - 29.03.2009 - rossir\n
   9:./lib/adc_low.c ****             A/D Wandler Abfrage ueber Interrupt  
  10:./lib/adc_low.c **** *****************************************************************************/
  11:./lib/adc_low.c **** /*****************************************************************************
  12:./lib/adc_low.c **** *                                                                            *
  13:./lib/adc_low.c **** *   This program is free software; you can redistribute it and/or modify     *
  14:./lib/adc_low.c **** *   it under the terms of the GNU General Public License as published by     *
  15:./lib/adc_low.c **** *   the Free Software Foundation; either version 2 of the License, or        *
  16:./lib/adc_low.c **** *   any later version.                                                       *
  17:./lib/adc_low.c **** *                                                                            *
  18:./lib/adc_low.c **** *****************************************************************************/
  19:./lib/adc_low.c **** 
  20:./lib/adc_low.c **** #include "asuro.h"
  21:./lib/adc_low.c **** 
  22:./lib/adc_low.c **** /****************************************************************************/
  23:./lib/adc_low.c **** /*!
  24:./lib/adc_low.c ****   \brief
  25:./lib/adc_low.c ****   Liest die A/D Multiplexer Interupt Werte des gewuenschten A/D Kanals\n
  26:./lib/adc_low.c **** 
  27:./lib/adc_low.c ****   \param  mux Nummer des A/D Kanal Multiplexer
  28:./lib/adc_low.c ****   \param  sleep optionale Wartezeit
  29:./lib/adc_low.c **** 
  30:./lib/adc_low.c ****   \return
  31:./lib/adc_low.c ****   10 Bit A/D Wert (Bereich 0..1023)
  32:./lib/adc_low.c **** *****************************************************************************/
  33:./lib/adc_low.c **** 
  34:./lib/adc_low.c **** unsigned int ReadADC(unsigned int mux, unsigned int sleep)
  35:./lib/adc_low.c **** {  
 126               		.stabn	68,0,35,.LM0-.LFBB1
 127               	.LM0:
 128               	.LFBB1:
 129 0000 CF93      		push r28
 130 0002 DF93      		push r29
 131               	/* prologue: function */
 132               	/* frame size = 0 */
 133               	/* stack size = 2 */
 134               	.L__stack_usage = 2
 135 0004 EC01      		movw r28,r24
  36:./lib/adc_low.c **** 	unsigned int adc;
GAS LISTING /tmp/ccyv3ORH.s 			page 4


  37:./lib/adc_low.c **** 	
  38:./lib/adc_low.c ****   if (sleep)
 136               		.stabn	68,0,38,.LM1-.LFBB1
 137               	.LM1:
 138 0006 6115      		cp r22,__zero_reg__
 139 0008 7105      		cpc r23,__zero_reg__
 140 000a 01F0      		breq .L2
  39:./lib/adc_low.c ****     Sleep(sleep);
 141               		.stabn	68,0,39,.LM2-.LFBB1
 142               	.LM2:
 143 000c 862F      		mov r24,r22
 144 000e 00D0      		rcall Sleep
 145               	.L2:
  40:./lib/adc_low.c **** 
  41:./lib/adc_low.c **** 	cli();
 146               		.stabn	68,0,41,.LM3-.LFBB1
 147               	.LM3:
 148               	/* #APP */
 149               	 ;  41 "./lib/adc_low.c" 1
 150 0010 F894      		cli
 151               	 ;  0 "" 2
  42:./lib/adc_low.c **** 	adc=adcValue[mux];
 152               		.stabn	68,0,42,.LM4-.LFBB1
 153               	.LM4:
 154               	/* #NOAPP */
 155 0012 CC0F      		lsl r28
 156 0014 DD1F      		rol r29
 157 0016 C050      		subi r28,lo8(-(adcValue))
 158 0018 D040      		sbci r29,hi8(-(adcValue))
 159 001a 8881      		ld r24,Y
 160 001c 9981      		ldd r25,Y+1
  43:./lib/adc_low.c **** 	sei();
 161               		.stabn	68,0,43,.LM5-.LFBB1
 162               	.LM5:
 163               	/* #APP */
 164               	 ;  43 "./lib/adc_low.c" 1
 165 001e 7894      		sei
 166               	 ;  0 "" 2
  44:./lib/adc_low.c **** 	
  45:./lib/adc_low.c **** 	return adc>>6;
  46:./lib/adc_low.c **** }
 167               		.stabn	68,0,46,.LM6-.LFBB1
 168               	.LM6:
 169               	/* #NOAPP */
 170 0020 26E0      		ldi r18,6
 171               		1:
 172 0022 9695      		lsr r25
 173 0024 8795      		ror r24
 174 0026 2A95      		dec r18
 175 0028 01F4      		brne 1b
 176               	/* epilogue start */
 177 002a DF91      		pop r29
 178 002c CF91      		pop r28
 179 002e 0895      		ret
 180               		.size	ReadADC, .-ReadADC
 181               		.stabs	"adc:r(0,4)",64,0,36,24
 182               		.stabn	192,0,0,.LFBB1-.LFBB1
GAS LISTING /tmp/ccyv3ORH.s 			page 5


 183               		.stabn	224,0,0,.Lscope1-.LFBB1
 184               	.Lscope1:
 185               		.stabs	"",36,0,0,.Lscope1-.LFBB1
 186               		.stabd	78,0,0
 187               		.text
 188               		.stabs	"",100,0,0,.Letext0
 189               	.Letext0:
 190               		.ident	"GCC: (GNU) 4.9.2"
GAS LISTING /tmp/ccyv3ORH.s 			page 6


DEFINED SYMBOLS
                            *ABS*:0000000000000000 adc_low.c
     /tmp/ccyv3ORH.s:2      *ABS*:000000000000003e __SP_H__
     /tmp/ccyv3ORH.s:3      *ABS*:000000000000003d __SP_L__
     /tmp/ccyv3ORH.s:4      *ABS*:000000000000003f __SREG__
     /tmp/ccyv3ORH.s:5      *ABS*:0000000000000000 __tmp_reg__
     /tmp/ccyv3ORH.s:6      *ABS*:0000000000000001 __zero_reg__
     /tmp/ccyv3ORH.s:124    .text.ReadADC:0000000000000000 ReadADC

UNDEFINED SYMBOLS
Sleep
adcValue
