GAS LISTING /tmp/ccyqqD54.s 			page 1


   1               		.file	"printf.c"
   2               	__SP_H__ = 0x3e
   3               	__SP_L__ = 0x3d
   4               	__SREG__ = 0x3f
   5               	__tmp_reg__ = 0
   6               	__zero_reg__ = 1
   7               		.stabs	"/home/ghost/Project/LineFollower/",100,0,2,.Ltext0
   8               		.stabs	"./lib/printf.c",100,0,2,.Ltext0
   9               		.text
  10               	.Ltext0:
  11               		.stabs	"gcc2_compiled.",60,0,0,0
  12               		.stabs	"int:t(0,1)=r(0,1);-32768;32767;",128,0,0,0
  13               		.stabs	"char:t(0,2)=@s8;r(0,2);0;255;",128,0,0,0
  14               		.stabs	"long int:t(0,3)=@s32;r(0,3);020000000000;017777777777;",128,0,0,0
  15               		.stabs	"unsigned int:t(0,4)=r(0,4);0;0177777;",128,0,0,0
  16               		.stabs	"long unsigned int:t(0,5)=@s32;r(0,5);0;037777777777;",128,0,0,0
  17               		.stabs	"long long int:t(0,6)=@s64;r(0,6);01000000000000000000000;0777777777777777777777;",128,0,0,
  18               		.stabs	"long long unsigned int:t(0,7)=@s64;r(0,7);0;01777777777777777777777;",128,0,0,0
  19               		.stabs	"short int:t(0,8)=r(0,8);-32768;32767;",128,0,0,0
  20               		.stabs	"short unsigned int:t(0,9)=r(0,9);0;0177777;",128,0,0,0
  21               		.stabs	"signed char:t(0,10)=@s8;r(0,10);-128;127;",128,0,0,0
  22               		.stabs	"unsigned char:t(0,11)=@s8;r(0,11);0;255;",128,0,0,0
  23               		.stabs	"float:t(0,12)=r(0,1);4;0;",128,0,0,0
  24               		.stabs	"double:t(0,13)=r(0,1);4;0;",128,0,0,0
  25               		.stabs	"long double:t(0,14)=r(0,1);4;0;",128,0,0,0
  26               		.stabs	"short _Fract:t(0,15)=r(0,1);1;0;",128,0,0,0
  27               		.stabs	"_Fract:t(0,16)=r(0,1);2;0;",128,0,0,0
  28               		.stabs	"long _Fract:t(0,17)=r(0,1);4;0;",128,0,0,0
  29               		.stabs	"long long _Fract:t(0,18)=r(0,1);8;0;",128,0,0,0
  30               		.stabs	"unsigned short _Fract:t(0,19)=r(0,1);1;0;",128,0,0,0
  31               		.stabs	"unsigned _Fract:t(0,20)=r(0,1);2;0;",128,0,0,0
  32               		.stabs	"unsigned long _Fract:t(0,21)=r(0,1);4;0;",128,0,0,0
  33               		.stabs	"unsigned long long _Fract:t(0,22)=r(0,1);8;0;",128,0,0,0
  34               		.stabs	"_Sat short _Fract:t(0,23)=r(0,1);1;0;",128,0,0,0
  35               		.stabs	"_Sat _Fract:t(0,24)=r(0,1);2;0;",128,0,0,0
  36               		.stabs	"_Sat long _Fract:t(0,25)=r(0,1);4;0;",128,0,0,0
  37               		.stabs	"_Sat long long _Fract:t(0,26)=r(0,1);8;0;",128,0,0,0
  38               		.stabs	"_Sat unsigned short _Fract:t(0,27)=r(0,1);1;0;",128,0,0,0
  39               		.stabs	"_Sat unsigned _Fract:t(0,28)=r(0,1);2;0;",128,0,0,0
  40               		.stabs	"_Sat unsigned long _Fract:t(0,29)=r(0,1);4;0;",128,0,0,0
  41               		.stabs	"_Sat unsigned long long _Fract:t(0,30)=r(0,1);8;0;",128,0,0,0
  42               		.stabs	"short _Accum:t(0,31)=r(0,1);2;0;",128,0,0,0
  43               		.stabs	"_Accum:t(0,32)=r(0,1);4;0;",128,0,0,0
  44               		.stabs	"long _Accum:t(0,33)=r(0,1);8;0;",128,0,0,0
  45               		.stabs	"long long _Accum:t(0,34)=r(0,1);8;0;",128,0,0,0
  46               		.stabs	"unsigned short _Accum:t(0,35)=r(0,1);2;0;",128,0,0,0
  47               		.stabs	"unsigned _Accum:t(0,36)=r(0,1);4;0;",128,0,0,0
  48               		.stabs	"unsigned long _Accum:t(0,37)=r(0,1);8;0;",128,0,0,0
  49               		.stabs	"unsigned long long _Accum:t(0,38)=r(0,1);8;0;",128,0,0,0
  50               		.stabs	"_Sat short _Accum:t(0,39)=r(0,1);2;0;",128,0,0,0
  51               		.stabs	"_Sat _Accum:t(0,40)=r(0,1);4;0;",128,0,0,0
  52               		.stabs	"_Sat long _Accum:t(0,41)=r(0,1);8;0;",128,0,0,0
  53               		.stabs	"_Sat long long _Accum:t(0,42)=r(0,1);8;0;",128,0,0,0
  54               		.stabs	"_Sat unsigned short _Accum:t(0,43)=r(0,1);2;0;",128,0,0,0
  55               		.stabs	"_Sat unsigned _Accum:t(0,44)=r(0,1);4;0;",128,0,0,0
  56               		.stabs	"_Sat unsigned long _Accum:t(0,45)=r(0,1);8;0;",128,0,0,0
  57               		.stabs	"_Sat unsigned long long _Accum:t(0,46)=r(0,1);8;0;",128,0,0,0
GAS LISTING /tmp/ccyqqD54.s 			page 2


  58               		.stabs	"void:t(0,47)=(0,47)",128,0,0,0
  59               		.stabs	"./lib/inc/asuro.h",130,0,0,0
  60               		.stabs	"/usr/lib/avr/include/avr/io.h",130,0,0,0
  61               		.stabs	"/usr/lib/avr/include/avr/sfr_defs.h",130,0,0,0
  62               		.stabs	"/usr/lib/avr/include/inttypes.h",130,0,0,0
  63               		.stabs	"/usr/lib/gcc/avr/4.9.2/include/stdint.h",130,0,0,0
  64               		.stabs	"/usr/lib/avr/include/stdint.h",130,0,0,0
  65               		.stabs	"int8_t:t(6,1)=(0,10)",128,0,121,0
  66               		.stabs	"uint8_t:t(6,2)=(0,11)",128,0,122,0
  67               		.stabs	"int16_t:t(6,3)=(0,1)",128,0,123,0
  68               		.stabs	"uint16_t:t(6,4)=(0,4)",128,0,124,0
  69               		.stabs	"int32_t:t(6,5)=(0,3)",128,0,125,0
  70               		.stabs	"uint32_t:t(6,6)=(0,5)",128,0,126,0
  71               		.stabs	"int64_t:t(6,7)=(0,6)",128,0,128,0
  72               		.stabs	"uint64_t:t(6,8)=(0,7)",128,0,129,0
  73               		.stabs	"intptr_t:t(6,9)=(6,3)",128,0,142,0
  74               		.stabs	"uintptr_t:t(6,10)=(6,4)",128,0,147,0
  75               		.stabs	"int_least8_t:t(6,11)=(6,1)",128,0,159,0
  76               		.stabs	"uint_least8_t:t(6,12)=(6,2)",128,0,164,0
  77               		.stabs	"int_least16_t:t(6,13)=(6,3)",128,0,169,0
  78               		.stabs	"uint_least16_t:t(6,14)=(6,4)",128,0,174,0
  79               		.stabs	"int_least32_t:t(6,15)=(6,5)",128,0,179,0
  80               		.stabs	"uint_least32_t:t(6,16)=(6,6)",128,0,184,0
  81               		.stabs	"int_least64_t:t(6,17)=(6,7)",128,0,192,0
  82               		.stabs	"uint_least64_t:t(6,18)=(6,8)",128,0,199,0
  83               		.stabs	"int_fast8_t:t(6,19)=(6,1)",128,0,213,0
  84               		.stabs	"uint_fast8_t:t(6,20)=(6,2)",128,0,218,0
  85               		.stabs	"int_fast16_t:t(6,21)=(6,3)",128,0,223,0
  86               		.stabs	"uint_fast16_t:t(6,22)=(6,4)",128,0,228,0
  87               		.stabs	"int_fast32_t:t(6,23)=(6,5)",128,0,233,0
  88               		.stabs	"uint_fast32_t:t(6,24)=(6,6)",128,0,238,0
  89               		.stabs	"int_fast64_t:t(6,25)=(6,7)",128,0,246,0
  90               		.stabs	"uint_fast64_t:t(6,26)=(6,8)",128,0,253,0
  91               		.stabs	"intmax_t:t(6,27)=(6,7)",128,0,273,0
  92               		.stabs	"uintmax_t:t(6,28)=(6,8)",128,0,278,0
  93               		.stabn	162,0,0,0
  94               		.stabn	162,0,0,0
  95               		.stabs	"int_farptr_t:t(4,1)=(6,5)",128,0,77,0
  96               		.stabs	"uint_farptr_t:t(4,2)=(6,6)",128,0,81,0
  97               		.stabn	162,0,0,0
  98               		.stabn	162,0,0,0
  99               		.stabs	"/usr/lib/avr/include/avr/fuse.h",130,0,0,0
 100               		.stabs	"__fuse_t:t(7,1)=(7,2)=s2low:(0,11),0,8;high:(0,11),8,8;;",128,0,252,0
 101               		.stabn	162,0,0,0
 102               		.stabn	162,0,0,0
 103               		.stabs	"/usr/lib/avr/include/avr/pgmspace.h",130,0,0,0
 104               		.stabs	"/usr/lib/gcc/avr/4.9.2/include/stddef.h",130,0,0,0
 105               		.stabs	"size_t:t(9,1)=(0,4)",128,0,212,0
 106               		.stabn	162,0,0,0
 107               		.stabn	162,0,0,0
 108               		.stabs	"/usr/lib/avr/include/stdlib.h",130,0,0,0
 109               		.stabs	"/usr/lib/gcc/avr/4.9.2/include/stddef.h",130,0,0,0
 110               		.stabs	"wchar_t:t(11,1)=(0,1)",128,0,324,0
 111               		.stabn	162,0,0,0
 112               		.stabs	"div_t:t(10,1)=(10,2)=s4quot:(0,1),0,16;rem:(0,1),16,16;;",128,0,71,0
 113               		.stabs	"ldiv_t:t(10,3)=(10,4)=s8quot:(0,3),0,32;rem:(0,3),32,32;;",128,0,77,0
 114               		.stabs	"__compar_fn_t:t(10,5)=(10,6)=*(10,7)=f(0,1)",128,0,80,0
GAS LISTING /tmp/ccyqqD54.s 			page 3


 115               		.stabn	162,0,0,0
 116               		.stabs	"voidFuncPtr:t(1,1)=(1,2)=*(1,3)=f(0,47)",128,0,343,0
 117               		.stabn	162,0,0,0
 118               		.section	.text.PrintFloat,"ax",@progbits
 119               		.stabs	"PrintFloat:F(0,47)",36,0,54,PrintFloat
 120               		.stabs	"wert:P(0,12)",64,0,54,22
 121               		.stabs	"vorkomma:P(0,2)",64,0,54,20
 122               		.stabs	"nachkomma:P(0,2)",64,0,54,18
 123               	.global	PrintFloat
 124               		.type	PrintFloat, @function
 125               	PrintFloat:
 126               		.stabd	46,0,0
   1:./lib/printf.c **** /****************************************************************************/
   2:./lib/printf.c **** /*!
   3:./lib/printf.c ****   \file printf.c
   4:./lib/printf.c **** 
   5:./lib/printf.c ****   \brief
   6:./lib/printf.c ****   Print Floating Point Ausgabe Funktionen
   7:./lib/printf.c ****   \version  V001 - 16.11.2007 - m.a.r.v.i.n\n
   8:./lib/printf.c ****             Original Version von RN-UserIn M1.R
   9:./lib/printf.c **** 
  10:./lib/printf.c **** */
  11:./lib/printf.c **** 
  12:./lib/printf.c **** #include "asuro.h"
  13:./lib/printf.c **** 
  14:./lib/printf.c **** /****************************************************************************/
  15:./lib/printf.c **** /*!
  16:./lib/printf.c ****   \brief
  17:./lib/printf.c ****   Ausgabe eines Float Wertes als String ueber die serielle Schnittstelle.
  18:./lib/printf.c **** 
  19:./lib/printf.c ****   \param[in]
  20:./lib/printf.c ****   wert Auszugebender Float Wert (32Bit)
  21:./lib/printf.c **** 
  22:./lib/printf.c ****   \param[in]
  23:./lib/printf.c ****   vorkomma Anzahl der Vorkomma Stellen
  24:./lib/printf.c **** 
  25:./lib/printf.c ****   \param[in]
  26:./lib/printf.c ****   nachkomma Anzahl der Nachkomma Stellen
  27:./lib/printf.c **** 
  28:./lib/printf.c ****   \author M1.R
  29:./lib/printf.c **** 
  30:./lib/printf.c ****   \version  V001 - 16.11.2007    m.a.r.v.i.n\n
  31:./lib/printf.c ****             first implementation
  32:./lib/printf.c ****             (Idee von M1.R)
  33:./lib/printf.c **** 
  34:./lib/printf.c ****   \par  Beispiel:
  35:./lib/printf.c ****   (Nur zur Demonstration der Parameter/Returnwerte)
  36:./lib/printf.c ****   \code
  37:./lib/printf.c ****    SerPrint ("\r\n");
  38:./lib/printf.c ****    PrintFloat (123.4567, 3, 4);
  39:./lib/printf.c ****    SerPrint ("\r\n");
  40:./lib/printf.c **** 
  41:./lib/printf.c ****    SerPrint ("\r\n");
  42:./lib/printf.c ****    PrintFloat (-123.4567, 5, 2);
  43:./lib/printf.c ****    SerPrint ("\r\n");
  44:./lib/printf.c **** 
  45:./lib/printf.c ****    SerPrint ("\r\n");
GAS LISTING /tmp/ccyqqD54.s 			page 4


  46:./lib/printf.c ****    PrintFloat (-1.234567, 1, 6);
  47:./lib/printf.c ****    SerPrint ("\r\n");
  48:./lib/printf.c **** 
  49:./lib/printf.c ****    SerPrint ("\r\n");
  50:./lib/printf.c ****    PrintFloat (1.234567, 1, 3);
  51:./lib/printf.c ****    SerPrint ("\r\n");
  52:./lib/printf.c ****   \endcode
  53:./lib/printf.c **** *****************************************************************************/
  54:./lib/printf.c **** void PrintFloat (float wert, char vorkomma, char nachkomma)
  55:./lib/printf.c **** // vorkomma + nachkomma max 7
  56:./lib/printf.c **** {
 127               		.stabn	68,0,56,.LM0-.LFBB1
 128               	.LM0:
 129               	.LFBB1:
 130 0000 0F93      		push r16
 131 0002 1F93      		push r17
 132 0004 CF93      		push r28
 133 0006 DF93      		push r29
 134 0008 CDB7      		in r28,__SP_L__
 135 000a DEB7      		in r29,__SP_H__
 136 000c 2A97      		sbiw r28,10
 137 000e 0FB6      		in __tmp_reg__,__SREG__
 138 0010 F894      		cli
 139 0012 DEBF      		out __SP_H__,r29
 140 0014 0FBE      		out __SREG__,__tmp_reg__
 141 0016 CDBF      		out __SP_L__,r28
 142               	/* prologue: function */
 143               	/* frame size = 10 */
 144               	/* stack size = 14 */
 145               	.L__stack_usage = 14
  57:./lib/printf.c ****   char text [10];                                       
  58:./lib/printf.c **** 
  59:./lib/printf.c ****   dtostrf(wert, vorkomma, nachkomma, text);
 146               		.stabn	68,0,59,.LM1-.LFBB1
 147               	.LM1:
 148 0018 8E01      		movw r16,r28
 149 001a 0F5F      		subi r16,-1
 150 001c 1F4F      		sbci r17,-1
 151 001e 00D0      		rcall dtostrf
  60:./lib/printf.c ****   SerPrint (text);
 152               		.stabn	68,0,60,.LM2-.LFBB1
 153               	.LM2:
 154 0020 C801      		movw r24,r16
 155 0022 00D0      		rcall SerPrint
 156               	/* epilogue start */
  61:./lib/printf.c **** }
 157               		.stabn	68,0,61,.LM3-.LFBB1
 158               	.LM3:
 159 0024 2A96      		adiw r28,10
 160 0026 0FB6      		in __tmp_reg__,__SREG__
 161 0028 F894      		cli
 162 002a DEBF      		out __SP_H__,r29
 163 002c 0FBE      		out __SREG__,__tmp_reg__
 164 002e CDBF      		out __SP_L__,r28
 165 0030 DF91      		pop r29
 166 0032 CF91      		pop r28
 167 0034 1F91      		pop r17
GAS LISTING /tmp/ccyqqD54.s 			page 5


 168 0036 0F91      		pop r16
 169 0038 0895      		ret
 170               		.size	PrintFloat, .-PrintFloat
 171               		.stabs	"text:(0,48)=ar(0,49)=r(0,49);0;0177777;;0;9;(0,2)",128,0,57,1
 172               		.stabn	192,0,0,.LFBB1-.LFBB1
 173               		.stabn	224,0,0,.Lscope1-.LFBB1
 174               	.Lscope1:
 175               		.stabs	"",36,0,0,.Lscope1-.LFBB1
 176               		.stabd	78,0,0
 177               		.text
 178               		.stabs	"",100,0,0,.Letext0
 179               	.Letext0:
 180               		.ident	"GCC: (GNU) 4.9.2"
GAS LISTING /tmp/ccyqqD54.s 			page 6


DEFINED SYMBOLS
                            *ABS*:0000000000000000 printf.c
     /tmp/ccyqqD54.s:2      *ABS*:000000000000003e __SP_H__
     /tmp/ccyqqD54.s:3      *ABS*:000000000000003d __SP_L__
     /tmp/ccyqqD54.s:4      *ABS*:000000000000003f __SREG__
     /tmp/ccyqqD54.s:5      *ABS*:0000000000000000 __tmp_reg__
     /tmp/ccyqqD54.s:6      *ABS*:0000000000000001 __zero_reg__
     /tmp/ccyqqD54.s:125    .text.PrintFloat:0000000000000000 PrintFloat

UNDEFINED SYMBOLS
dtostrf
SerPrint
